Arguments: 
  /usr/local/Cellar/node/10.8.0/bin/node /usr/local/Cellar/yarn/1.6.0/libexec/bin/yarn.js

PATH: 
  /Library/Frameworks/Python.framework/Versions/3.6/bin:/usr/local/bin:/usr/bin:/bin:/usr/sbin:/sbin:/Library/Frameworks/Python.framework/Versions/3.6/bin

Yarn version: 
  1.6.0

Node version: 
  10.8.0

Platform: 
  darwin x64

Trace: 
  Error: EACCES: permission denied, mkdir '/Users/jorgebaralt/LocalProjects/ReactNative/servify/node_modules/babel-eslint/node_modules/ms'

npm manifest: 
  {
    "main": "node_modules/expo/AppEntry.js",
    "private": true,
    "dependencies": {
      "axios": "^0.18.0",
      "expo": "^28.0.1",
      "firebase": "^5.5.1",
      "jshint": "^2.9.5",
      "lodash": "^4.17.11",
      "native-base": "^2.8.0",
      "react": "16.3.1",
      "react-native": "https://github.com/expo/react-native/archive/sdk-28.0.0.tar.gz",
      "react-native-linear-gradient": "^2.4.2",
      "react-navigation": "^2.17.0",
      "react-redux": "^5.0.7",
      "redux": "^4.0.0",
      "redux-thunk": "^2.3.0",
      "ws": "^3.3.1"
    },
    "devDependencies": {
      "babel-eslint": "^8.2.6",
      "eslint": "^4.19.1",
      "eslint-config-airbnb": "^17.1.0",
      "eslint-plugin-import": "^2.14.0",
      "eslint-plugin-jsx-a11y": "^6.1.1",
      "eslint-plugin-react": "^7.11.1"
    }
  }

yarn manifest: 
  No manifest

Lockfile: 
  No lockfile
